<?xml version="1.0" encoding="UTF-8"?>
<!-- Generated by org.testng.reporters.JUnitReportReporter -->
<testsuite hostname="DESKTOP-6AADNES" failures="0" tests="1" name="com.capstone.test.EndToEndTestCase3" time="19.678" errors="0" timestamp="2025-09-08T18:01:27 IST" skipped="0">
  <testcase classname="com.capstone.test.EndToEndTestCase3" name="testAddFeaturedProductToCartAndVerify" time="19.678"/>
</testsuite> <!-- com.capstone.test.EndToEndTestCase3 -->
