<?xml version="1.0" encoding="UTF-8"?>
<!-- Generated by org.testng.reporters.JUnitReportReporter -->
<testsuite hostname="DESKTOP-6AADNES" failures="0" tests="1" name="com.capstone.test.EndtoEndTestCase2" time="8.012" errors="0" timestamp="2025-09-08T17:59:03 IST" skipped="0">
  <testcase classname="com.capstone.test.EndtoEndTestCase2" name="testLoginSearchAddToCartAndLogout" time="8.012"/>
</testsuite> <!-- com.capstone.test.EndtoEndTestCase2 -->
