<?xml version="1.0" encoding="UTF-8"?>
<!-- Generated by org.testng.reporters.JUnitReportReporter -->
<testsuite hostname="DESKTOP-6AADNES" failures="0" tests="1" name="com.capstone.test.EndtoEndTestCase1" time="12.835" errors="0" timestamp="2025-09-08T17:53:20 IST" skipped="0">
  <testcase classname="com.capstone.test.EndtoEndTestCase1" name="testRegisterAndLogout" time="12.835"/>
</testsuite> <!-- com.capstone.test.EndtoEndTestCase1 -->
