<?xml version="1.0" encoding="UTF-8"?>
<!-- Generated by org.testng.reporters.JUnitReportReporter -->
<testsuite hostname="DESKTOP-6AADNES" failures="0" tests="1" name="com.capstone.test.EndtoEndTestCase4" time="13.999" errors="0" timestamp="2025-09-08T18:04:31 IST" skipped="0">
  <testcase classname="com.capstone.test.EndtoEndTestCase4" name="testLoginAddToWishlistAndLogout" time="13.999"/>
</testsuite> <!-- com.capstone.test.EndtoEndTestCase4 -->
