<?xml version="1.0" encoding="UTF-8"?>
<!-- Generated by org.testng.reporters.JUnitReportReporter -->
<testsuite hostname="DESKTOP-6AADNES" failures="0" tests="2" name="pack1.Lab11_3TestNG" time="16.945" errors="0" timestamp="2025-08-20T12:00:44 IST" skipped="0">
  <testcase classname="pack1.Lab11_3TestNG" name="f" time="9.452"/>
  <testcase classname="pack1.Lab11_3TestNG" name="f" time="7.493"/>
</testsuite> <!-- pack1.Lab11_3TestNG -->
