<?xml version="1.0" encoding="UTF-8"?>
<!-- Generated by org.testng.reporters.JUnitReportReporter -->
<testsuite hostname="DESKTOP-6AADNES" failures="0" tests="2" name="pack1.Lab16_1" time="23.039" errors="0" timestamp="2025-08-22T16:35:38 IST" skipped="0">
  <testcase classname="pack1.Lab16_1" name="f" time="14.296"/>
  <testcase classname="pack1.Lab16_1" name="f" time="8.743"/>
</testsuite> <!-- pack1.Lab16_1 -->
