<?xml version="1.0" encoding="UTF-8"?>
<!-- Generated by org.testng.reporters.JUnitReportReporter -->
<testsuite hostname="DESKTOP-6AADNES" failures="0" tests="4" name="pack1.Lab14" time="49.116" errors="0" timestamp="2025-08-21T18:43:21 IST" skipped="0">
  <testcase classname="pack1.Lab14" name="f" time="18.632"/>
  <testcase classname="pack1.Lab14" name="f" time="10.019"/>
  <testcase classname="pack1.Lab14" name="f" time="9.215"/>
  <testcase classname="pack1.Lab14" name="f" time="11.250"/>
</testsuite> <!-- pack1.Lab14 -->
