<?xml version="1.0" encoding="UTF-8"?>
<!-- Generated by org.testng.reporters.JUnitReportReporter -->
<testsuite hostname="DESKTOP-6AADNES" failures="0" tests="2" name="pack1.Lab11_4TestNG_pagefactory" time="22.944" errors="0" timestamp="2025-08-20T12:06:48 IST" skipped="0">
  <testcase classname="pack1.Lab11_4TestNG_pagefactory" name="f" time="12.048"/>
  <testcase classname="pack1.Lab11_4TestNG_pagefactory" name="f" time="10.896"/>
</testsuite> <!-- pack1.Lab11_4TestNG_pagefactory -->
