<?xml version="1.0" encoding="UTF-8"?>
<!-- Generated by org.testng.reporters.JUnitReportReporter -->
<testsuite hostname="DESKTOP-6AADNES" failures="0" tests="2" name="pack1.Lab11_4TestNG" time="19.972" errors="0" timestamp="2025-08-20T12:01:24 IST" skipped="0">
  <testcase classname="pack1.Lab11_4TestNG" name="f" time="11.218"/>
  <testcase classname="pack1.Lab11_4TestNG" name="f" time="8.754"/>
</testsuite> <!-- pack1.Lab11_4TestNG -->
