<?xml version="1.0" encoding="UTF-8"?>
<!-- Generated by org.testng.reporters.JUnitReportReporter -->
<testsuite hostname="DESKTOP-6AADNES" failures="0" tests="1" name="pack1.Lab11_3" time="3.877" errors="0" timestamp="2025-08-21T20:34:09 IST" skipped="0">
  <testcase classname="pack1.Lab11_3" name="f" time="3.877"/>
</testsuite> <!-- pack1.Lab11_3 -->
