<?xml version="1.0" encoding="UTF-8"?>
<!-- Generated by org.testng.reporters.JUnitReportReporter -->
<testsuite hostname="DESKTOP-6AADNES" failures="0" tests="2" name="pack1.TC0012_TestNG" time="27.080" errors="0" timestamp="2025-08-20T09:43:22 IST" skipped="0">
  <testcase classname="pack1.TC0012_TestNG" name="f" time="17.570"/>
  <testcase classname="pack1.TC0012_TestNG" name="f" time="9.510"/>
</testsuite> <!-- pack1.TC0012_TestNG -->
