<?xml version="1.0" encoding="UTF-8"?>
<!-- Generated by org.testng.reporters.JUnitReportReporter -->
<testsuite hostname="DESKTOP-6AADNES" failures="0" tests="1" name="pack1.TC0013" time="4.382" errors="0" timestamp="2025-08-19T10:19:46 IST" skipped="0">
  <testcase classname="pack1.TC0013" name="test1" time="4.382"/>
</testsuite> <!-- pack1.TC0013 -->
