<?xml version="1.0" encoding="UTF-8"?>
<!-- Generated by org.testng.reporters.JUnitReportReporter -->
<testsuite hostname="DESKTOP-6AADNES" failures="0" tests="3" name="pack1.Lab15_1" time="30.654" errors="0" timestamp="2025-08-22T09:34:41 IST" skipped="0">
  <testcase classname="pack1.Lab15_1" name="f" time="7.641"/>
  <testcase classname="pack1.Lab15_1" name="f" time="8.779"/>
  <testcase classname="pack1.Lab15_1" name="f" time="14.234"/>
</testsuite> <!-- pack1.Lab15_1 -->
