<?xml version="1.0" encoding="UTF-8"?>
<!-- Generated by org.testng.reporters.JUnitReportReporter -->
<testsuite hostname="DESKTOP-6AADNES" failures="0" tests="3" name="pack1.TC0012_TestNG1" time="33.262" errors="0" timestamp="2025-08-20T16:27:14 IST" skipped="0">
  <testcase classname="pack1.TC0012_TestNG1" name="f" time="10.422"/>
  <testcase classname="pack1.TC0012_TestNG1" name="f" time="10.593"/>
  <testcase classname="pack1.TC0012_TestNG1" name="f" time="12.247"/>
</testsuite> <!-- pack1.TC0012_TestNG1 -->
