<?xml version="1.0" encoding="UTF-8"?>
<!-- Generated by org.testng.reporters.JUnitReportReporter -->
<testsuite hostname="DESKTOP-6AADNES" failures="0" tests="2" name="pack1.Lab11_3TestNG_pagefactory" time="26.267" errors="0" timestamp="2025-08-20T12:04:46 IST" skipped="0">
  <testcase classname="pack1.Lab11_3TestNG_pagefactory" name="f" time="13.450"/>
  <testcase classname="pack1.Lab11_3TestNG_pagefactory" name="f" time="12.817"/>
</testsuite> <!-- pack1.Lab11_3TestNG_pagefactory -->
