<?xml version="1.0" encoding="UTF-8"?>
<!-- Generated by org.testng.reporters.JUnitReportReporter -->
<testsuite hostname="DESKTOP-6AADNES" failures="0" tests="4" name="pack1.Lab15" time="68.758" errors="0" timestamp="2025-08-22T22:47:37 IST" skipped="0">
  <testcase classname="pack1.Lab15" name="f" time="36.732"/>
  <testcase classname="pack1.Lab15" name="f" time="7.631"/>
  <testcase classname="pack1.Lab15" name="f" time="13.237"/>
  <testcase classname="pack1.Lab15" name="f" time="11.158"/>
</testsuite> <!-- pack1.Lab15 -->
