<?xml version="1.0" encoding="UTF-8"?>
<!-- Generated by org.testng.reporters.JUnitReportReporter -->
<testsuite hostname="DESKTOP-6AADNES" failures="0" tests="1" name="selenium.TC0014" time="6.592" errors="0" timestamp="2025-08-19T09:44:23 IST" skipped="0">
  <testcase classname="selenium.TC0014" name="f" time="6.592"/>
</testsuite> <!-- selenium.TC0014 -->
