<?xml version="1.0" encoding="UTF-8"?>
<!-- Generated by org.testng.reporters.JUnitReportReporter -->
<testsuite hostname="DESKTOP-6AADNES" failures="0" tests="2" name="pack1.Lab16" time="20.182" errors="0" timestamp="2025-08-29T09:43:11 IST" skipped="0">
  <testcase classname="pack1.Lab16" name="f" time="11.531"/>
  <testcase classname="pack1.Lab16" name="f" time="8.651"/>
</testsuite> <!-- pack1.Lab16 -->
