<?xml version="1.0" encoding="UTF-8"?>
<!-- Generated by org.testng.reporters.JUnitReportReporter -->
<testsuite hostname="DESKTOP-6AADNES" failures="0" tests="3" name="pack1.TC0012_TestNG2_pagefactory" time="34.573" errors="0" timestamp="2025-08-20T14:47:50 IST" skipped="0">
  <testcase classname="pack1.TC0012_TestNG2_pagefactory" name="f" time="10.225"/>
  <testcase classname="pack1.TC0012_TestNG2_pagefactory" name="f" time="10.844"/>
  <testcase classname="pack1.TC0012_TestNG2_pagefactory" name="f" time="13.504"/>
</testsuite> <!-- pack1.TC0012_TestNG2_pagefactory -->
