<?xml version="1.0" encoding="UTF-8"?>
<!-- Generated by org.testng.reporters.JUnitReportReporter -->
<testsuite hostname="DESKTOP-6AADNES" failures="0" tests="1" name="pack1.Lab12_4Propertiesfile" time="3.684" errors="0" timestamp="2025-08-22T22:38:10 IST" skipped="0">
  <testcase classname="pack1.Lab12_4Propertiesfile" name="f" time="3.684"/>
</testsuite> <!-- pack1.Lab12_4Propertiesfile -->
