<?xml version="1.0" encoding="UTF-8"?>
<!-- Generated by org.testng.reporters.JUnitReportReporter -->
<testsuite hostname="DESKTOP-6AADNES" failures="0" tests="1" name="pack1.Lab11_4" time="10.451" errors="0" timestamp="2025-08-21T20:19:21 IST" skipped="0">
  <testcase classname="pack1.Lab11_4" name="f" time="10.451"/>
</testsuite> <!-- pack1.Lab11_4 -->
