<?xml version="1.0" encoding="UTF-8"?>
<!-- Generated by org.testng.reporters.JUnitReportReporter -->
<testsuite hostname="DESKTOP-6AADNES" failures="0" tests="3" name="pack1.Lab15_1" time="50.643" errors="0" timestamp="2025-08-22T22:56:41 IST" skipped="0">
  <testcase classname="pack1.Lab15_1" name="f" time="12.351"/>
  <testcase classname="pack1.Lab15_1" name="f" time="14.240"/>
  <testcase classname="pack1.Lab15_1" name="f" time="24.052"/>
</testsuite> <!-- pack1.Lab15_1 -->
