<?xml version="1.0" encoding="UTF-8"?>
<!-- Generated by org.testng.reporters.JUnitReportReporter -->
<testsuite hostname="DESKTOP-6AADNES" failures="0" tests="1" name="pack1.practice7" time="0.996" errors="0" timestamp="2025-08-28T10:57:45 IST" skipped="0">
  <testcase classname="pack1.practice7" name="extractTableData" time="0.996"/>
</testsuite> <!-- pack1.practice7 -->
