<?xml version="1.0" encoding="UTF-8"?>
<!-- Generated by org.testng.reporters.JUnitReportReporter -->
<testsuite hostname="DESKTOP-6AADNES" failures="0" tests="1" name="pack1.practice9" time="3.920" errors="0" timestamp="2025-08-28T11:13:32 IST" skipped="0">
  <testcase classname="pack1.practice9" name="captureScreenshotWithReport" time="3.920"/>
</testsuite> <!-- pack1.practice9 -->
