<?xml version="1.0" encoding="UTF-8"?>
<!-- Generated by org.testng.reporters.JUnitReportReporter -->
<testsuite hostname="DESKTOP-6AADNES" failures="0" tests="1" name="pack1.practice8" time="1.022" errors="0" timestamp="2025-08-28T11:00:16 IST" skipped="0">
  <testcase classname="pack1.practice8" name="testMultipleWindows" time="1.022"/>
</testsuite> <!-- pack1.practice8 -->
