<?xml version="1.0" encoding="UTF-8"?>
<!-- Generated by org.testng.reporters.JUnitReportReporter -->
<testsuite hostname="DESKTOP-6AADNES" failures="0" tests="1" name="pack1.practice2" time="5.196" errors="0" timestamp="2025-08-28T10:06:06 IST" skipped="0">
  <testcase classname="pack1.practice2" name="loginTest" time="5.196"/>
</testsuite> <!-- pack1.practice2 -->
