<?xml version="1.0" encoding="UTF-8"?>
<!-- Generated by org.testng.reporters.JUnitReportReporter -->
<testsuite hostname="DESKTOP-6AADNES" failures="0" tests="1" name="pack1.practice1" time="2.853" errors="0" timestamp="2025-08-28T09:59:44 IST" skipped="0">
  <testcase classname="pack1.practice1" name="openGoogleAndPrintTitle" time="2.853"/>
</testsuite> <!-- pack1.practice1 -->
