<?xml version="1.0" encoding="UTF-8"?>
<!-- Generated by org.testng.reporters.JUnitReportReporter -->
<testsuite hostname="DESKTOP-6AADNES" failures="0" tests="1" name="pack1.practice5" time="0.182" errors="0" timestamp="2025-08-28T10:15:22 IST" skipped="0">
  <testcase classname="pack1.practice5" name="handleJsAlert" time="0.182"/>
</testsuite> <!-- pack1.practice5 -->
