<?xml version="1.0" encoding="UTF-8"?>
<!-- Generated by org.testng.reporters.JUnitReportReporter -->
<testsuite hostname="DESKTOP-6AADNES" failures="0" tests="1" name="pack1.practice3" time="18.741" errors="0" timestamp="2025-08-28T10:10:05 IST" skipped="0">
  <testcase classname="pack1.practice3" name="searchLaptopOnAmazon" time="18.741"/>
</testsuite> <!-- pack1.practice3 -->
