<?xml version="1.0" encoding="UTF-8"?>
<!-- Generated by org.testng.reporters.JUnitReportReporter -->
<testsuite hostname="DESKTOP-6AADNES" failures="0" tests="1" name="pack1.practice6" time="0.577" errors="0" timestamp="2025-08-28T10:53:56 IST" skipped="0">
  <testcase classname="pack1.practice6" name="testSelectCheckboxes" time="0.577"/>
</testsuite> <!-- pack1.practice6 -->
